\BOOKMARK [0][-]{chapter.1}{\376\377\000I\000n\000t\000r\000o\000d\000u\000c\000t\000i\000o\000n}{}% 1
\BOOKMARK [1][-]{section.1.1}{\376\377\000I\000n\000t\000r\000o\000d\000u\000c\000t\000i\000o\000n}{chapter.1}% 2
\BOOKMARK [1][-]{section.1.2}{\376\377\000C\000a\000p\000i\000t\000a\000l\000\040\000F\000u\000n\000g\000i\000b\000i\000l\000i\000t\000y}{chapter.1}% 3
\BOOKMARK [1][-]{section.1.3}{\376\377\000C\000a\000p\000i\000t\000a\000l\000\040\000A\000l\000l\000o\000c\000a\000t\000i\000o\000n\000\040\000:\000\040\000I\000n\000t\000e\000r\000n\000a\000l\000\040\000M\000o\000d\000e\000l\000s\000\040\000v\000e\000r\000s\000u\000s\000\040\000S\000t\000r\000e\000s\000s\000\040\000T\000e\000s\000t\000s}{chapter.1}% 4
\BOOKMARK [2][-]{subsection.1.3.1}{\376\377\000I\000n\000t\000e\000r\000n\000a\000l\000\040\000M\000o\000d\000e\000l\000s}{section.1.3}% 5
\BOOKMARK [2][-]{subsection.1.3.2}{\376\377\000S\000c\000e\000n\000a\000r\000i\000o\000\040\000S\000t\000r\000e\000s\000s\000\040\000T\000e\000s\000t\000i\000n\000g\000\040\000:\000\040\000E\000s\000t\000i\000m\000a\000t\000i\000o\000n\000\040\000o\000f\000\040\000e\000x\000t\000r\000e\000m\000e\000\040\000e\000v\000e\000n\000t\000s\000\040\000i\000m\000p\000a\000c\000t\000s}{section.1.3}% 6
\BOOKMARK [1][-]{section.1.4}{\376\377\000R\000e\000p\000o\000r\000t\000\040\000p\000l\000a\000n}{chapter.1}% 7
\BOOKMARK [0][-]{chapter.2}{\376\377\000D\000e\000t\000e\000r\000m\000i\000n\000i\000s\000t\000i\000c\000\040\000m\000o\000d\000e\000l\000i\000n\000g\000\040\000o\000f\000\040\000s\000c\000e\000n\000a\000r\000i\000o\000\040\000s\000t\000r\000e\000s\000s\000\040\000t\000e\000s\000t\000\040\000a\000n\000\040\000a\000r\000b\000i\000t\000r\000a\000r\000y\000\040\000r\000e\000i\000n\000s\000u\000r\000a\000n\000c\000e\000\040\000g\000r\000o\000u\000p}{}% 8
\BOOKMARK [1][-]{section.2.1}{\376\377\000M\000o\000d\000e\000l\000i\000n\000g\000\040\000a\000\040\000r\000e\000i\000n\000s\000u\000r\000a\000n\000c\000e\000\040\000c\000o\000m\000p\000a\000n\000y\000\040\000f\000i\000n\000a\000n\000c\000i\000a\000l\000\040\000s\000t\000r\000u\000c\000t\000u\000r\000e}{chapter.2}% 9
\BOOKMARK [2][-]{subsection.2.1.1}{\376\377\000O\000w\000n\000e\000r\000s\000h\000i\000p\000\040\000s\000t\000r\000u\000c\000t\000u\000r\000e}{section.2.1}% 10
\BOOKMARK [1][-]{section.2.2}{\376\377\000M\000o\000d\000e\000l\000i\000n\000g\000\040\000o\000f\000\040\000r\000i\000s\000k\000\040\000t\000r\000a\000n\000s\000f\000e\000r\000\040\000m\000e\000c\000h\000a\000n\000i\000s\000m\000s}{chapter.2}% 11
\BOOKMARK [2][-]{subsection.2.2.1}{\376\377\000R\000i\000s\000k\000\040\000T\000r\000a\000n\000s\000f\000e\000r\000\040\000s\000t\000r\000u\000c\000t\000u\000r\000e}{section.2.2}% 12
\BOOKMARK [2][-]{subsection.2.2.2}{\376\377\000P\000r\000o\000p\000o\000r\000t\000i\000o\000n\000a\000l\000\040\000a\000n\000d\000\040\000N\000o\000n\000\040\000p\000r\000o\000p\000o\000r\000t\000i\000o\000n\000a\000l\000\040\000r\000e\000i\000n\000s\000u\000r\000a\000n\000c\000e}{section.2.2}% 13
\BOOKMARK [2][-]{subsection.2.2.3}{\376\377\000M\000o\000d\000e\000l\000i\000n\000g\000\040\000o\000f\000\040\000e\000x\000t\000e\000r\000n\000a\000l\000\040\000r\000e\000t\000r\000o\000c\000e\000s\000s\000i\000o\000n}{section.2.2}% 14
\BOOKMARK [2][-]{subsection.2.2.4}{\376\377\000M\000o\000d\000e\000l\000i\000n\000g\000\040\000i\000n\000t\000e\000r\000n\000a\000l\000\040\000R\000e\000t\000r\000o\000c\000e\000s\000s\000i\000o\000n}{section.2.2}% 15
\BOOKMARK [1][-]{section.2.3}{\376\377\000M\000o\000d\000e\000l\000i\000n\000g\000\040\000o\000f\000\040\000r\000e\000g\000u\000l\000a\000t\000o\000r\000y\000\040\000r\000e\000q\000u\000i\000r\000e\000d\000\040\000c\000a\000p\000i\000t\000a\000l}{chapter.2}% 16
\BOOKMARK [2][-]{subsection.2.3.1}{\376\377\000G\000e\000n\000e\000r\000a\000l\000\040\000p\000r\000e\000s\000e\000n\000t\000a\000t\000i\000o\000n\000\040\000o\000f\000\040\000r\000e\000g\000u\000l\000a\000t\000o\000r\000y\000\040\000c\000a\000p\000i\000t\000a\000l\000\040\000r\000e\000q\000u\000i\000r\000e\000m\000e\000n\000t\000s}{section.2.3}% 17
\BOOKMARK [2][-]{subsection.2.3.2}{\376\377\000P\000r\000i\000n\000c\000i\000p\000l\000e\000s\000\040\000o\000f\000\040\000"\000R\000i\000s\000k\000\040\000F\000a\000c\000t\000o\000r\000\040\000B\000a\000s\000e\000d\000"\000\040\000R\000e\000g\000u\000l\000a\000t\000o\000r\000y\000\040\000R\000e\000q\000u\000i\000r\000e\000d\000\040\000C\000a\000p\000i\000t\000a\000l\000s\000\040\000c\000o\000m\000p\000u\000t\000a\000t\000i\000o\000n}{section.2.3}% 18
\BOOKMARK [2][-]{subsection.2.3.3}{\376\377\000R\000i\000s\000k\000s\000\040\000m\000o\000d\000e\000l\000e\000d\000\040\000i\000n\000\040\000r\000e\000g\000u\000l\000a\000t\000o\000r\000y\000\040\000r\000e\000q\000u\000i\000r\000e\000d\000\040\000c\000a\000p\000i\000t\000a\000l\000\040\000f\000o\000r\000m\000u\000l\000a\000s\000\040\000a\000n\000d\000\040\000e\000x\000p\000r\000e\000s\000s\000i\000o\000n\000\040\000i\000n\000\040\000B\000S\000C\000R}{section.2.3}% 19
\BOOKMARK [1][-]{section.2.4}{\376\377\000H\000o\000w\000\040\000t\000o\000\040\000s\000h\000o\000c\000k\000\040\000t\000h\000e\000\040\000b\000a\000l\000a\000n\000c\000e\000\040\000s\000h\000e\000e\000t\000\040\000i\000t\000e\000m\000s\000\040\000?}{chapter.2}% 20
\BOOKMARK [2][-]{subsection.2.4.1}{\376\377\000D\000i\000f\000f\000e\000r\000e\000n\000t\000\040\000k\000i\000n\000d\000\040\000o\000f\000\040\000s\000h\000o\000c\000k\000s\000\040\000a\000n\000d\000\040\000m\000o\000d\000e\000l\000i\000n\000g}{section.2.4}% 21
\BOOKMARK [2][-]{subsection.2.4.2}{\376\377\000S\000h\000o\000c\000k\000e\000d\000\040\000e\000l\000e\000m\000e\000n\000t\000s\000\040\000o\000n\000\040\000t\000h\000e\000\040\000b\000a\000l\000a\000n\000c\000e\000\040\000s\000h\000e\000e\000t}{section.2.4}% 22
\BOOKMARK [2][-]{subsection.2.4.3}{\376\377\000E\000f\000f\000e\000c\000t\000\040\000o\000f\000\040\000a\000\040\000l\000o\000s\000s\000\040\000o\000n\000\040\000t\000h\000e\000\040\000b\000a\000l\000a\000n\000c\000e\000\040\000s\000h\000e\000e\000t}{section.2.4}% 23
\BOOKMARK [2][-]{subsection.2.4.4}{\376\377\000S\000h\000o\000c\000k\000i\000n\000g\000\040\000F\000i\000x\000e\000d\000\040\000I\000n\000c\000o\000m\000e\000\040\000I\000n\000v\000e\000s\000t\000m\000e\000n\000t\000s\000\040\000\050\000B\000o\000n\000d\000s\000\051}{section.2.4}% 24
\BOOKMARK [2][-]{subsection.2.4.5}{\376\377\000S\000h\000o\000c\000k\000i\000n\000g\000\040\000E\000q\000u\000i\000t\000y}{section.2.4}% 25
\BOOKMARK [1][-]{section.2.5}{\376\377\000H\000o\000w\000\040\000t\000o\000\040\000s\000h\000o\000c\000k\000\040\000t\000h\000e\000\040\000r\000e\000g\000u\000l\000a\000t\000o\000r\000y\000\040\000r\000e\000q\000u\000i\000r\000e\000d\000\040\000c\000a\000p\000i\000t\000a\000l\000\040\000?}{chapter.2}% 26
\BOOKMARK [2][-]{subsection.2.5.1}{\376\377\000S\000h\000o\000c\000k\000i\000n\000g\000\040\000a\000\040\000r\000e\000g\000u\000l\000a\000t\000o\000r\000y\000\040\000c\000a\000p\000i\000t\000a\000l\000\040\000r\000e\000q\000u\000i\000r\000e\000m\000e\000n\000t\000\040\000-\000\040\000E\000x\000a\000c\000t\000\040\000f\000o\000r\000m\000u\000l\000a\000t\000i\000o\000n}{section.2.5}% 27
\BOOKMARK [2][-]{subsection.2.5.2}{\376\377\000S\000h\000o\000c\000k\000i\000n\000g\000\040\000a\000\040\000r\000e\000g\000u\000l\000a\000t\000o\000r\000y\000\040\000c\000a\000p\000i\000t\000a\000l\000\040\000r\000e\000q\000u\000i\000r\000e\000m\000e\000n\000t\000\040\000-\000\040\000A\000p\000p\000r\000o\000x\000i\000m\000a\000t\000e\000\040\000f\000o\000r\000m\000u\000l\000a\000t\000i\000o\000n}{section.2.5}% 28
\BOOKMARK [2][-]{subsection.2.5.3}{\376\377\000L\000i\000n\000e\000a\000r\000\040\000a\000p\000p\000r\000o\000x\000i\000m\000a\000t\000i\000o\000n\000\040\000o\000f\000\040\000B\000M\000A\000\040\000B\000S\000C\000R}{section.2.5}% 29
\BOOKMARK [2][-]{subsection.2.5.4}{\376\377\000C\000a\000s\000e\000\040\000s\000t\000u\000d\000y\000\040\000-\000\040\000E\000v\000o\000l\000u\000t\000i\000o\000n\000\040\000o\000f\000\040\000R\000e\000q\000u\000i\000r\000e\000d\000\040\000C\000a\000p\000i\000t\000a\000l\000\040\000i\000n\000\040\000f\000u\000n\000c\000t\000i\000o\000n\000\040\000o\000f\000\040\000t\000h\000e\000\040\000u\000s\000e\000\040\000o\000f\000\040\000e\000x\000t\000e\000r\000n\000a\000l\000\040\000r\000e\000t\000r\000o\000c\000e\000s\000s\000i\000o\000n}{section.2.5}% 30
\BOOKMARK [2][-]{subsection.2.5.5}{\376\377\000C\000a\000s\000e\000\040\000s\000t\000u\000d\000y\000\040\000:\000\040\000E\000f\000f\000e\000c\000t\000\040\000o\000f\000\040\000i\000n\000t\000e\000r\000n\000a\000l\000\040\000r\000e\000t\000r\000o\000c\000e\000s\000s\000i\000o\000n\000\040\000o\000n\000\040\000r\000e\000q\000u\000i\000r\000e\000d\000\040\000c\000a\000p\000i\000t\000a\000l\000\040\000f\000o\000r\000\040\000a\000\040\000d\000u\000a\000l\000\040\000e\000n\000t\000i\000t\000y\000\040\000g\000r\000o\000u\000p}{section.2.5}% 31
\BOOKMARK [2][-]{subsection.2.5.6}{\376\377\000P\000e\000r\000s\000p\000e\000c\000t\000i\000v\000e\000s}{section.2.5}% 32
\BOOKMARK [1][-]{section.2.6}{\376\377\000H\000o\000w\000\040\000t\000o\000\040\000s\000h\000o\000c\000k\000\040\000t\000h\000e\000\040\000s\000o\000l\000v\000e\000n\000c\000y\000\040\000r\000a\000t\000i\000o\000\040\000?}{chapter.2}% 33
\BOOKMARK [2][-]{subsection.2.6.1}{\376\377\000C\000a\000s\000e\000\040\000w\000i\000t\000h\000\040\000o\000n\000l\000y\000\040\000c\000a\000p\000i\000t\000a\000l\000\040\000s\000h\000o\000c\000k\000e\000d}{section.2.6}% 34
\BOOKMARK [2][-]{subsection.2.6.2}{\376\377\000C\000a\000s\000e\000\040\000w\000i\000t\000h\000\040\000c\000a\000p\000i\000t\000a\000l\000\040\000a\000n\000d\000\040\000r\000e\000q\000u\000i\000r\000e\000d\000\040\000c\000a\000p\000i\000t\000a\000l\000\040\000s\000h\000o\000c\000k\000e\000d}{section.2.6}% 35
\BOOKMARK [1][-]{section.2.7}{\376\377\000M\000o\000d\000e\000l\000\040\000W\000r\000a\000p\000-\000u\000p}{chapter.2}% 36
\BOOKMARK [1][-]{section.2.8}{\376\377\000I\000m\000p\000a\000c\000t\000\040\000o\000f\000\040\000s\000c\000e\000n\000a\000r\000i\000o\000s\000\040\000o\000n\000\040\000a\000\040\000r\000e\000i\000n\000s\000u\000r\000a\000n\000c\000e\000\040\000c\000o\000m\000p\000a\000n\000y\000\040\000s\000o\000l\000v\000e\000n\000c\000y\000\040\000r\000a\000t\000i\000o\000s}{chapter.2}% 37
\BOOKMARK [0][-]{chapter.3}{\376\377\000I\000n\000v\000e\000r\000s\000e\000\040\000p\000r\000o\000b\000l\000e\000m\000\040\000:\000\040\000H\000o\000w\000\040\000t\000o\000\040\000c\000o\000m\000p\000u\000t\000e\000\040\000t\000h\000e\000\040\000r\000e\000t\000r\000o\000c\000e\000s\000s\000i\000o\000n\000\040\000a\000g\000r\000e\000e\000m\000e\000n\000t\000s\000\040\000t\000o\000\040\000o\000p\000t\000i\000m\000i\000z\000e\000\040\000t\000h\000e\000\040\000r\000e\000i\000n\000s\000u\000r\000a\000n\000c\000e\000\040\000g\000r\000o\000u\000p\000\040\000s\000o\000l\000v\000a\000b\000i\000l\000i\000t\000y\000\040\000?}{}% 38
\BOOKMARK [1][-]{section.3.1}{\376\377\000S\000t\000a\000t\000e\000\040\000o\000f\000\040\000t\000h\000e\000\040\000a\000r\000t}{chapter.3}% 39
\BOOKMARK [1][-]{section.3.2}{\376\377\000P\000r\000o\000b\000l\000e\000m\000\040\000S\000t\000a\000t\000e\000m\000e\000n\000t}{chapter.3}% 40
\BOOKMARK [1][-]{section.3.3}{\376\377\000O\000p\000t\000i\000m\000a\000l\000\040\000S\000o\000l\000v\000e\000n\000c\000y\000\040\000c\000r\000i\000t\000e\000r\000i\000o\000n\000\040\000p\000r\000o\000p\000o\000s\000i\000t\000i\000o\000n\000\040}{chapter.3}% 41
\BOOKMARK [1][-]{section.3.4}{\376\377\000O\000p\000t\000i\000m\000a\000l\000\040\000r\000e\000t\000r\000o\000c\000e\000s\000s\000i\000o\000n\000\040\000s\000t\000r\000u\000c\000t\000u\000r\000e}{chapter.3}% 42
\BOOKMARK [0][-]{chapter.4}{\376\377\000C\000o\000n\000c\000l\000u\000s\000i\000o\000n}{}% 43
\BOOKMARK [0][-]{appendix.A}{\376\377\000A\000p\000p\000e\000n\000d\000i\000x}{}% 44
\BOOKMARK [1][-]{section.A.1}{\376\377\000D\000e\000f\000i\000n\000i\000t\000i\000o\000n\000s}{appendix.A}% 45
\BOOKMARK [1][-]{section.A.2}{\376\377\000G\000r\000o\000u\000p\000\040\000S\000t\000r\000u\000c\000t\000u\000r\000e\000,\000\040\000F\000i\000n\000a\000n\000c\000i\000a\000l\000\040\000I\000n\000f\000o\000r\000m\000a\000t\000i\000o\000n\000\040\000a\000n\000d\000\040\000r\000e\000g\000u\000l\000a\000t\000o\000r\000y\000\040\000r\000e\000q\000u\000i\000r\000e\000m\000e\000n\000t\000s\000\040\000-\000\040\000a\000\040\000r\000e\000-\000r\000e\000g\000a\000r\000d\000e\000r}{appendix.A}% 46
\BOOKMARK [1][-]{section.A.3}{\376\377\000B\000a\000l\000a\000n\000c\000e\000\040\000s\000h\000e\000e\000t\000\040\000r\000e\000p\000r\000e\000s\000e\000n\000t\000a\000t\000i\000o\000n}{appendix.A}% 47
\BOOKMARK [1][-]{section.A.4}{\376\377\000N\000A\000I\000C\000\040\000R\000i\000s\000k\000\040\000B\000a\000s\000e\000d\000\040\000C\000a\000p\000i\000t\000a\000l\000\040\000\050\000R\000B\000C\000\051}{appendix.A}% 48
\BOOKMARK [2][-]{subsection.A.4.1}{\376\377\000C\000r\000e\000d\000i\000t\000\040\000R\000i\000s\000k}{section.A.4}% 49
\BOOKMARK [2][-]{subsection.A.4.2}{\376\377\000R\000e\000s\000e\000r\000v\000e\000\040\000r\000i\000s\000k}{section.A.4}% 50
\BOOKMARK [1][-]{section.A.5}{\376\377\000R\000a\000t\000i\000n\000g\000\040\000A\000g\000e\000n\000c\000y\000\040\000c\000a\000p\000i\000t\000a\000l\000\040\000r\000e\000q\000u\000i\000r\000e\000m\000e\000n\000t\000\040\000:\000\040\000S\000\046\000P\000\040\000R\000i\000s\000k\000\040\000b\000a\000s\000e\000d\000\040\000I\000n\000s\000u\000r\000a\000n\000c\000e\000\040\000C\000a\000p\000i\000t\000a\000l\000\040\000M\000o\000d\000e\000l}{appendix.A}% 51
\BOOKMARK [1][-]{section.A.6}{\376\377\000P\000r\000a\000c\000t\000i\000c\000a\000l\000\040\000i\000m\000p\000l\000e\000m\000e\000n\000t\000a\000t\000i\000o\000n\000\040\000o\000n\000\040\000N\000A\000I\000C\000\040\000R\000B\000C}{appendix.A}% 52
